<?xml version="1.0" encoding="UTF-8"?>
<!-- Generated by org.testng.reporters.JUnitXMLReporter -->
<testsuite ignored="0" hostname="DESKTOP-P0E83JL" failures="0" tests="4" name="Test" time="79.302" errors="0" timestamp="2023-05-29T11:08:54 IST">
  <testcase classname="Automation.AmazonTest.AddingTest" name="toCart" time="16.021"/>
  <testcase classname="Automation.AmazonTest.AddingTest" name="toWishlist" time="15.163"/>
  <testcase classname="Automation.AmazonTest.AddingTest" name="tocartAndPlacingOrder" time="21.644"/>
  <testcase classname="Automation.AmazonTest.AddingTest" name="tocartAndPlacingOrderWithLink" time="17.798"/>
</testsuite> <!-- Test -->
