<?xml version="1.0" encoding="UTF-8"?>
<testng-results ignored="0" total="2" passed="2" failed="0" skipped="0">
  <reporter-output>
  </reporter-output>
  <suite started-at="2023-05-30T16:27:51 IST" name="Default suite" finished-at="2023-05-30T16:28:21 IST" duration-ms="30692">
    <groups>
    </groups>
    <test started-at="2023-05-30T16:27:51 IST" name="Default test" finished-at="2023-05-30T16:28:21 IST" duration-ms="30692">
      <class name="Automation.AmazonTest.DeletingTest">
        <test-method is-config="true" signature="startingBrowser()[pri:0, instance:Automation.AmazonTest.DeletingTest@25084a1e]" started-at="2023-05-30T16:27:51 IST" name="startingBrowser" finished-at="2023-05-30T16:27:53 IST" duration-ms="2040" status="PASS">
          <reporter-output>
          </reporter-output>
        </test-method> <!-- startingBrowser -->
        <test-method signature="deleteCartItems()[pri:0, instance:Automation.AmazonTest.DeletingTest@25084a1e]" started-at="2023-05-30T16:27:53 IST" name="deleteCartItems" finished-at="2023-05-30T16:28:03 IST" duration-ms="10052" status="PASS">
          <reporter-output>
          </reporter-output>
        </test-method> <!-- deleteCartItems -->
        <test-method is-config="true" signature="closeBrowser()[pri:0, instance:Automation.AmazonTest.DeletingTest@25084a1e]" started-at="2023-05-30T16:28:03 IST" name="closeBrowser" finished-at="2023-05-30T16:28:03 IST" duration-ms="236" status="PASS">
          <reporter-output>
          </reporter-output>
        </test-method> <!-- closeBrowser -->
        <test-method is-config="true" signature="startingBrowser()[pri:0, instance:Automation.AmazonTest.DeletingTest@25084a1e]" started-at="2023-05-30T16:28:03 IST" name="startingBrowser" finished-at="2023-05-30T16:28:04 IST" duration-ms="973" status="PASS">
          <reporter-output>
          </reporter-output>
        </test-method> <!-- startingBrowser -->
        <test-method signature="deleteWishListItems()[pri:0, instance:Automation.AmazonTest.DeletingTest@25084a1e]" started-at="2023-05-30T16:28:04 IST" name="deleteWishListItems" finished-at="2023-05-30T16:28:21 IST" duration-ms="17038" status="PASS">
          <reporter-output>
          </reporter-output>
        </test-method> <!-- deleteWishListItems -->
        <test-method is-config="true" signature="closeBrowser()[pri:0, instance:Automation.AmazonTest.DeletingTest@25084a1e]" started-at="2023-05-30T16:28:21 IST" name="closeBrowser" finished-at="2023-05-30T16:28:21 IST" duration-ms="319" status="PASS">
          <reporter-output>
          </reporter-output>
        </test-method> <!-- closeBrowser -->
      </class> <!-- Automation.AmazonTest.DeletingTest -->
    </test> <!-- Default test -->
  </suite> <!-- Default suite -->
</testng-results>
